Using pre-set license
Built from '2022.3/china_unity/release' branch; Version is '2022.3.10f1c1 (81bc2caa39c8) revision 8502316'; Using compiler version '192829333'; Build Type 'Release'
OS: 'Windows 11  (10.0.22621) 64bit CoreCountrySpecific' Language: 'zh' Physical Memory: 16192 MB
BatchMode: 1, IsHumanControllingUs: 0, StartBugReporterOnCrash: 0, Is64bit: 1, IsPro: 1

COMMAND LINE ARGUMENTS:
D:\Program Files\2022.3.10f1c1\Editor\Unity.exe
-adb2
-batchMode
-noUpm
-name
AssetImportWorker3
-projectPath
E:/U/TaoistMountainDown/TaoistMountainDown
-logFile
Logs/AssetImportWorker3.log
-srvPort
50381
Successfully changed project path to: E:/U/TaoistMountainDown/TaoistMountainDown
E:/U/TaoistMountainDown/TaoistMountainDown
[UnityMemory] Configuration Parameters - Can be set up in boot.config
    "memorysetup-bucket-allocator-granularity=16"
    "memorysetup-bucket-allocator-bucket-count=8"
    "memorysetup-bucket-allocator-block-size=33554432"
    "memorysetup-bucket-allocator-block-count=8"
    "memorysetup-main-allocator-block-size=16777216"
    "memorysetup-thread-allocator-block-size=16777216"
    "memorysetup-gfx-main-allocator-block-size=16777216"
    "memorysetup-gfx-thread-allocator-block-size=16777216"
    "memorysetup-cache-allocator-block-size=4194304"
    "memorysetup-typetree-allocator-block-size=2097152"
    "memorysetup-profiler-bucket-allocator-granularity=16"
    "memorysetup-profiler-bucket-allocator-bucket-count=8"
    "memorysetup-profiler-bucket-allocator-block-size=33554432"
    "memorysetup-profiler-bucket-allocator-block-count=8"
    "memorysetup-profiler-allocator-block-size=16777216"
    "memorysetup-profiler-editor-allocator-block-size=1048576"
    "memorysetup-temp-allocator-size-main=16777216"
    "memorysetup-job-temp-allocator-block-size=2097152"
    "memorysetup-job-temp-allocator-block-size-background=1048576"
    "memorysetup-job-temp-allocator-reduction-small-platforms=262144"
    "memorysetup-allocator-temp-initial-block-size-main=262144"
    "memorysetup-allocator-temp-initial-block-size-worker=262144"
    "memorysetup-temp-allocator-size-background-worker=32768"
    "memorysetup-temp-allocator-size-job-worker=262144"
    "memorysetup-temp-allocator-size-preload-manager=33554432"
    "memorysetup-temp-allocator-size-nav-mesh-worker=65536"
    "memorysetup-temp-allocator-size-audio-worker=65536"
    "memorysetup-temp-allocator-size-cloud-worker=32768"
    "memorysetup-temp-allocator-size-gi-baking-worker=262144"
    "memorysetup-temp-allocator-size-gfx=262144"
Player connection [4872] Host "[IP] 192.168.233.1 [Port] 0 [Flags] 2 [Guid] 3055128564 [EditorId] 3055128564 [Version] 1048832 [Id] WindowsEditor(7,LAPTOP-Deli) [Debug] 1 [PackageName] WindowsEditor [ProjectName] Editor" joined multi-casting on [225.0.0.222:54997]...

Player connection [4872] Host "[IP] 192.168.233.1 [Port] 0 [Flags] 2 [Guid] 3055128564 [EditorId] 3055128564 [Version] 1048832 [Id] WindowsEditor(7,LAPTOP-Deli) [Debug] 1 [PackageName] WindowsEditor [ProjectName] Editor" joined alternative multi-casting on [225.0.0.222:34997]...

[Physics::Module] Initialized MultithreadedJobDispatcher with 15 workers.
Refreshing native plugins compatible for Editor in 20.17 ms, found 4 plugins.
Preloading 0 native plugins for Editor in 0.00 ms.
Initialize engine version: 2022.3.10f1c1 (81bc2caa39c8)
[Subsystems] Discovering subsystems at path D:/Program Files/2022.3.10f1c1/Editor/Data/Resources/UnitySubsystems
[Subsystems] Discovering subsystems at path E:/U/TaoistMountainDown/TaoistMountainDown/Assets
GfxDevice: creating device client; threaded=0; jobified=0
Direct3D:
    Version:  Direct3D 11.0 [level 11.1]
    Renderer: NVIDIA GeForce RTX 3060 Laptop GPU (ID=0x2560)
    Vendor:   NVIDIA
    VRAM:     6009 MB
    Driver:   31.0.15.2799
Initialize mono
Mono path[0] = 'D:/Program Files/2022.3.10f1c1/Editor/Data/Managed'
Mono path[1] = 'D:/Program Files/2022.3.10f1c1/Editor/Data/MonoBleedingEdge/lib/mono/unityjit-win32'
Mono config path = 'D:/Program Files/2022.3.10f1c1/Editor/Data/MonoBleedingEdge/etc'
Using monoOptions --debugger-agent=transport=dt_socket,embedding=1,server=y,suspend=n,address=127.0.0.1:56004
Begin MonoManager ReloadAssembly
Registering precompiled unity dll's ...
Register platform support module: D:/Program Files/2022.3.10f1c1/Editor/Data/PlaybackEngines/WindowsStandaloneSupport/UnityEditor.WindowsStandalone.Extensions.dll
Registered in 0.005739 seconds.
- Loaded All Assemblies, in  0.360 seconds
Native extension for WindowsStandalone target not found
Mono: successfully reloaded assembly
- Finished resetting the current domain, in  0.240 seconds
Domain Reload Profiling: 595ms
	BeginReloadAssembly (124ms)
		ExecutionOrderSort (0ms)
		DisableScriptedObjects (0ms)
		BackupInstance (0ms)
		ReleaseScriptingObjects (0ms)
		CreateAndSetChildDomain (1ms)
	RebuildCommonClasses (30ms)
	RebuildNativeTypeToScriptingClass (8ms)
	initialDomainReloadingComplete (65ms)
	LoadAllAssembliesAndSetupDomain (128ms)
		LoadAssemblies (119ms)
		RebuildTransferFunctionScriptingTraits (0ms)
		AnalyzeDomain (126ms)
			TypeCache.Refresh (125ms)
				TypeCache.ScanAssembly (114ms)
			ScanForSourceGeneratedMonoScriptInfo (0ms)
			ResolveRequiredComponents (0ms)
	FinalizeReload (241ms)
		ReleaseScriptCaches (0ms)
		RebuildScriptCaches (0ms)
		SetupLoadedEditorAssemblies (183ms)
			LogAssemblyErrors (0ms)
			InitializePlatformSupportModulesInManaged (8ms)
			SetLoadedEditorAssemblies (7ms)
			RefreshPlugins (0ms)
			BeforeProcessingInitializeOnLoad (2ms)
			ProcessInitializeOnLoadAttributes (118ms)
			ProcessInitializeOnLoadMethodAttributes (48ms)
			AfterProcessingInitializeOnLoad (0ms)
			EditorAssembliesLoaded (0ms)
		ExecutionOrderSort2 (0ms)
		AwakeInstancesAfterBackupRestoration (0ms)
========================================================================
Worker process is ready to serve import requests
Begin MonoManager ReloadAssembly
Symbol file LoadedFromMemory doesn't match image E:\U\TaoistMountainDown\TaoistMountainDown\Library\PackageCache\com.unity.visualscripting@1.7.8\Editor\VisualScripting.Core\Dependencies\YamlDotNet\Unity.VisualScripting.YamlDotNet.dll
Symbol file LoadedFromMemory doesn't match image E:\U\TaoistMountainDown\TaoistMountainDown\Library\PackageCache\com.unity.visualscripting@1.7.8\Editor\VisualScripting.Core\Dependencies\DotNetZip\Unity.VisualScripting.IonicZip.dll
Symbol file LoadedFromMemory is not a mono symbol file
- Loaded All Assemblies, in  0.777 seconds
Refreshing native plugins compatible for Editor in 8.11 ms, found 4 plugins.
Native extension for WindowsStandalone target not found
Package Manager log level set to [2]
[Package Manager] Server::EnsureServerProcessIsRunning -- launch failed, reason: Unity was launched with the -noUpm command-line argument
[Package Manager] UpmClient::Send -- Unable to send message (not connected to UPM process).
[Package Manager] Cannot connect to Unity Package Manager local server
Mono: successfully reloaded assembly
- Finished resetting the current domain, in  0.625 seconds
Domain Reload Profiling: 1386ms
	BeginReloadAssembly (171ms)
		ExecutionOrderSort (0ms)
		DisableScriptedObjects (4ms)
		BackupInstance (0ms)
		ReleaseScriptingObjects (0ms)
		CreateAndSetChildDomain (19ms)
	RebuildCommonClasses (29ms)
	RebuildNativeTypeToScriptingClass (9ms)
	initialDomainReloadingComplete (60ms)
	LoadAllAssembliesAndSetupDomain (491ms)
		LoadAssemblies (418ms)
		RebuildTransferFunctionScriptingTraits (0ms)
		AnalyzeDomain (180ms)
			TypeCache.Refresh (148ms)
				TypeCache.ScanAssembly (131ms)
			ScanForSourceGeneratedMonoScriptInfo (26ms)
			ResolveRequiredComponents (5ms)
	FinalizeReload (626ms)
		ReleaseScriptCaches (0ms)
		RebuildScriptCaches (0ms)
		SetupLoadedEditorAssemblies (472ms)
			LogAssemblyErrors (0ms)
			InitializePlatformSupportModulesInManaged (6ms)
			SetLoadedEditorAssemblies (5ms)
			RefreshPlugins (0ms)
			BeforeProcessingInitializeOnLoad (119ms)
			ProcessInitializeOnLoadAttributes (279ms)
			ProcessInitializeOnLoadMethodAttributes (51ms)
			AfterProcessingInitializeOnLoad (12ms)
			EditorAssembliesLoaded (0ms)
		ExecutionOrderSort2 (0ms)
		AwakeInstancesAfterBackupRestoration (6ms)
Launched and connected shader compiler UnityShaderCompiler.exe after 0.05 seconds
Refreshing native plugins compatible for Editor in 6.28 ms, found 4 plugins.
Preloading 0 native plugins for Editor in 0.00 ms.
Unloading 4770 Unused Serialized files (Serialized files now loaded: 0)
Unloading 80 unused Assets / (136.8 KB). Loaded Objects now: 5232.
Memory consumption went from 157.4 MB to 157.2 MB.
Total: 4.022500 ms (FindLiveObjects: 0.376700 ms CreateObjectMapping: 0.165100 ms MarkObjects: 3.285100 ms  DeleteObjects: 0.194100 ms)

AssetImportParameters requested are different than current active one (requested -> active):
  custom:container-demuxer-ogg: 62fdf1f143b41e24485cea50d1cbac27 -> 
  custom:video-codec-MediaFoundation-h265: 746d11721c4dcdbdad8f713fa42b33f4 -> 
  custom:video-decoder-ogg-theora: a1e56fd34408186e4bbccfd4996cb3dc -> 
  custom:framework-win-MediaFoundation: 216162199b28c13a410421893ffa2e32 -> 
  custom:CustomObjectIndexerAttribute: 756ad292c208cfabdd7b50bc23989ffe -> 
  custom:container-demuxer-webm: 4f35f7cbe854078d1ac9338744f61a02 -> 
  custom:container-muxer-webm: aa71ff27fc2769a1b78a27578f13a17b -> 
  custom:video-decoder-webm-vp8: 9c59270c3fd7afecdb556c50c9e8de78 -> 
  custom:SearchIndexIgnoredProperties: e643bd26f0fe6173181afceb89e7c659 -> 
  custom:AudioImporter_EditorPlatform: d09bf68614088b80899f8185d706f6e7 -> 
  custom:video-encoder-webm-vp8: eb34c28f22e8b96e1ab97ce403110664 -> 
  custom:audio-decoder-ogg-vorbis: bf7c407c2cedff20999df2af8eb42d56 -> 
  custom:audio-encoder-webm-vorbis: bf7c407c2cedff20999df2af8eb42d56 -> 
========================================================================
Received Import Request.
  Time since last request: 2211.155746 seconds.
  path: Assets/Resources/Palette/Map_Layer_1_68.asset
  artifactKey: Guid(9d40b8ff9e0a41f4e913b2e52670d5c3) Importer(815301076,1909f56bfc062723c751e8b465ee728b)
Start importing Assets/Resources/Palette/Map_Layer_1_68.asset using Guid(9d40b8ff9e0a41f4e913b2e52670d5c3) Importer(815301076,1909f56bfc062723c751e8b465ee728b)  -> (artifact id: '7577a7f18501f627bfe417e19c533374') in 0.029895 seconds
Number of updated asset objects reloaded before import = 0
Number of asset objects unloaded after import = 1
========================================================================
Received Import Request.
  Time since last request: 0.000026 seconds.
  path: Assets/Resources/Palette/Map_Layer_1_67.asset
  artifactKey: Guid(5f38f80970ddc6448bdfe31dea1a4d4b) Importer(815301076,1909f56bfc062723c751e8b465ee728b)
Start importing Assets/Resources/Palette/Map_Layer_1_67.asset using Guid(5f38f80970ddc6448bdfe31dea1a4d4b) Importer(815301076,1909f56bfc062723c751e8b465ee728b)  -> (artifact id: '8ad04270d143eb0916b87205afad7706') in 0.002345 seconds
Number of updated asset objects reloaded before import = 0
Number of asset objects unloaded after import = 1
========================================================================
Received Import Request.
  Time since last request: 0.000046 seconds.
  path: Assets/Resources/Palette/Map_Layer_1_0.asset
  artifactKey: Guid(12bc823c69a10e94bb9dd145563a3bfb) Importer(815301076,1909f56bfc062723c751e8b465ee728b)
Start importing Assets/Resources/Palette/Map_Layer_1_0.asset using Guid(12bc823c69a10e94bb9dd145563a3bfb) Importer(815301076,1909f56bfc062723c751e8b465ee728b)  -> (artifact id: '74f6997fc8172211600e411fd1d8d231') in 0.039852 seconds
Number of updated asset objects reloaded before import = 0
Number of asset objects unloaded after import = 3
========================================================================
Received Import Request.
  Time since last request: 0.000026 seconds.
  path: Assets/Resources/Palette/Map_Layer_1_58.asset
  artifactKey: Guid(cfb76dcef3867624fb4d7bea86292517) Importer(815301076,1909f56bfc062723c751e8b465ee728b)
Start importing Assets/Resources/Palette/Map_Layer_1_58.asset using Guid(cfb76dcef3867624fb4d7bea86292517) Importer(815301076,1909f56bfc062723c751e8b465ee728b)  -> (artifact id: 'eda85d4ef809f7e9de335354e742f402') in 0.002152 seconds
Number of updated asset objects reloaded before import = 0
Number of asset objects unloaded after import = 1
========================================================================
Received Import Request.
  Time since last request: 0.000013 seconds.
  path: Assets/Resources/Palette/Map_Layer_1_12.asset
  artifactKey: Guid(0d96fb91e0e522e438bf64ecf42314da) Importer(815301076,1909f56bfc062723c751e8b465ee728b)
Start importing Assets/Resources/Palette/Map_Layer_1_12.asset using Guid(0d96fb91e0e522e438bf64ecf42314da) Importer(815301076,1909f56bfc062723c751e8b465ee728b)  -> (artifact id: 'bcde502b8e829040c03ff6804f341bfd') in 0.006617 seconds
Number of updated asset objects reloaded before import = 0
Number of asset objects unloaded after import = 3
========================================================================
Received Import Request.
  Time since last request: 0.000019 seconds.
  path: Assets/Resources/Palette/Map_Layer_1_54.asset
  artifactKey: Guid(10ea45d809ef5c545a0f51f10152f47d) Importer(815301076,1909f56bfc062723c751e8b465ee728b)
Start importing Assets/Resources/Palette/Map_Layer_1_54.asset using Guid(10ea45d809ef5c545a0f51f10152f47d) Importer(815301076,1909f56bfc062723c751e8b465ee728b)  -> (artifact id: 'e7d4eb0ebccb348327855f29bb6873e7') in 0.003386 seconds
Number of updated asset objects reloaded before import = 0
Number of asset objects unloaded after import = 1
========================================================================
Received Import Request.
  Time since last request: 0.000020 seconds.
  path: Assets/Resources/Palette/Map_Layer_1_25.asset
  artifactKey: Guid(0b3e05ab848ff2e4cafc79fff933eda0) Importer(815301076,1909f56bfc062723c751e8b465ee728b)
Start importing Assets/Resources/Palette/Map_Layer_1_25.asset using Guid(0b3e05ab848ff2e4cafc79fff933eda0) Importer(815301076,1909f56bfc062723c751e8b465ee728b)  -> (artifact id: '90c8e6546b2a0655ea1c8fc1b15253ae') in 0.002326 seconds
Number of updated asset objects reloaded before import = 0
Number of asset objects unloaded after import = 1
========================================================================
Received Import Request.
  Time since last request: 0.000014 seconds.
  path: Assets/Resources/Palette/Map_Layer_1_70.asset
  artifactKey: Guid(653a097efb8e5ec4a82e00c2c8acd914) Importer(815301076,1909f56bfc062723c751e8b465ee728b)
Start importing Assets/Resources/Palette/Map_Layer_1_70.asset using Guid(653a097efb8e5ec4a82e00c2c8acd914) Importer(815301076,1909f56bfc062723c751e8b465ee728b)  -> (artifact id: 'd0f09b93730551ceda7c83e477983b93') in 0.002249 seconds
Number of updated asset objects reloaded before import = 0
Number of asset objects unloaded after import = 1
========================================================================
Received Import Request.
  Time since last request: 0.000073 seconds.
  path: Assets/Resources/Palette/Map_Layer_1_47.asset
  artifactKey: Guid(e1c190332d3b4b848a6b438a22eb8289) Importer(815301076,1909f56bfc062723c751e8b465ee728b)
Start importing Assets/Resources/Palette/Map_Layer_1_47.asset using Guid(e1c190332d3b4b848a6b438a22eb8289) Importer(815301076,1909f56bfc062723c751e8b465ee728b)  -> (artifact id: '8161fe9498516ae6f317059a4306182b') in 0.002358 seconds
Number of updated asset objects reloaded before import = 0
Number of asset objects unloaded after import = 1
========================================================================
Received Import Request.
  Time since last request: 0.000022 seconds.
  path: Assets/Resources/Palette/Map_Layer_1_79.asset
  artifactKey: Guid(242dc876d6eeccc43adeff1df3a4db48) Importer(815301076,1909f56bfc062723c751e8b465ee728b)
Start importing Assets/Resources/Palette/Map_Layer_1_79.asset using Guid(242dc876d6eeccc43adeff1df3a4db48) Importer(815301076,1909f56bfc062723c751e8b465ee728b)  -> (artifact id: '2c9faee791a5697d0dbced2a78e78eb9') in 0.002287 seconds
Number of updated asset objects reloaded before import = 0
Number of asset objects unloaded after import = 1
========================================================================
Received Import Request.
  Time since last request: 0.000014 seconds.
  path: Assets/Resources/Palette/Map_Layer_1_71.asset
  artifactKey: Guid(c4944296352213e4596cdf6786d1c403) Importer(815301076,1909f56bfc062723c751e8b465ee728b)
Start importing Assets/Resources/Palette/Map_Layer_1_71.asset using Guid(c4944296352213e4596cdf6786d1c403) Importer(815301076,1909f56bfc062723c751e8b465ee728b)  -> (artifact id: 'd2dac7e3818d555c200576ee7f7625e6') in 0.002311 seconds
Number of updated asset objects reloaded before import = 0
Number of asset objects unloaded after import = 1
========================================================================
Received Import Request.
  Time since last request: 0.000022 seconds.
  path: Assets/Resources/Palette/Map_Layer_1_89.asset
  artifactKey: Guid(8ba2f16483b1ccf488ef457d5b98f032) Importer(815301076,1909f56bfc062723c751e8b465ee728b)
Start importing Assets/Resources/Palette/Map_Layer_1_89.asset using Guid(8ba2f16483b1ccf488ef457d5b98f032) Importer(815301076,1909f56bfc062723c751e8b465ee728b)  -> (artifact id: '0f3e4b1bd47b713549d8587439920af5') in 0.002784 seconds
Number of updated asset objects reloaded before import = 0
Number of asset objects unloaded after import = 1
========================================================================
Received Import Request.
  Time since last request: 0.000017 seconds.
  path: Assets/Resources/Palette/Map_Layer_1_27.asset
  artifactKey: Guid(ce2703ccc90382a45bd55fd2e84ec351) Importer(815301076,1909f56bfc062723c751e8b465ee728b)
Start importing Assets/Resources/Palette/Map_Layer_1_27.asset using Guid(ce2703ccc90382a45bd55fd2e84ec351) Importer(815301076,1909f56bfc062723c751e8b465ee728b)  -> (artifact id: '11900038695ac3931b81268c0317db5c') in 0.002635 seconds
Number of updated asset objects reloaded before import = 0
Number of asset objects unloaded after import = 1
========================================================================
Received Import Request.
  Time since last request: 0.000019 seconds.
  path: Assets/Resources/Palette/Map_Layer_1_72.asset
  artifactKey: Guid(0c81a8ed4cf4900468c9d555b1bd0457) Importer(815301076,1909f56bfc062723c751e8b465ee728b)
Start importing Assets/Resources/Palette/Map_Layer_1_72.asset using Guid(0c81a8ed4cf4900468c9d555b1bd0457) Importer(815301076,1909f56bfc062723c751e8b465ee728b)  -> (artifact id: '24bc47acd42d9c2a51cfa635ec3b0809') in 0.002342 seconds
Number of updated asset objects reloaded before import = 0
Number of asset objects unloaded after import = 1
========================================================================
Received Import Request.
  Time since last request: 0.000013 seconds.
  path: Assets/Resources/Palette/Map_Layer_1_51.asset
  artifactKey: Guid(2f68462811f998248900cb210bd3335b) Importer(815301076,1909f56bfc062723c751e8b465ee728b)
Start importing Assets/Resources/Palette/Map_Layer_1_51.asset using Guid(2f68462811f998248900cb210bd3335b) Importer(815301076,1909f56bfc062723c751e8b465ee728b)  -> (artifact id: '1c6116f13d07579680e437999dc9564d') in 0.002210 seconds
Number of updated asset objects reloaded before import = 0
Number of asset objects unloaded after import = 1
========================================================================
Received Import Request.
  Time since last request: 0.000013 seconds.
  path: Assets/Resources/Palette/Map_Layer_1_86.asset
  artifactKey: Guid(6d3a737d1bd00724bb8b6e2a2e2a6b44) Importer(815301076,1909f56bfc062723c751e8b465ee728b)
Start importing Assets/Resources/Palette/Map_Layer_1_86.asset using Guid(6d3a737d1bd00724bb8b6e2a2e2a6b44) Importer(815301076,1909f56bfc062723c751e8b465ee728b)  -> (artifact id: 'c378f43e3ae20cce73b7e2696dc73996') in 0.002317 seconds
Number of updated asset objects reloaded before import = 0
Number of asset objects unloaded after import = 1
========================================================================
Received Import Request.
  Time since last request: 0.000012 seconds.
  path: Assets/Resources/Palette/Map_Layer_1_39.asset
  artifactKey: Guid(5b5691daf6db4fe4e9641e968b4a91ad) Importer(815301076,1909f56bfc062723c751e8b465ee728b)
Start importing Assets/Resources/Palette/Map_Layer_1_39.asset using Guid(5b5691daf6db4fe4e9641e968b4a91ad) Importer(815301076,1909f56bfc062723c751e8b465ee728b)  -> (artifact id: '719d08c9135047b53e9f7f9477661f96') in 0.002480 seconds
Number of updated asset objects reloaded before import = 0
Number of asset objects unloaded after import = 1
========================================================================
Received Import Request.
  Time since last request: 0.000016 seconds.
  path: Assets/Resources/Palette/Map_Layer_1_99.asset
  artifactKey: Guid(3858102a92760674390319c713831994) Importer(815301076,1909f56bfc062723c751e8b465ee728b)
Start importing Assets/Resources/Palette/Map_Layer_1_99.asset using Guid(3858102a92760674390319c713831994) Importer(815301076,1909f56bfc062723c751e8b465ee728b)  -> (artifact id: 'ef04e487fac7ec67b535d9c6517e7941') in 0.002008 seconds
Number of updated asset objects reloaded before import = 0
Number of asset objects unloaded after import = 1
========================================================================
Received Import Request.
  Time since last request: 0.000046 seconds.
  path: Assets/Resources/Palette/Map_Layer_1_11.asset
  artifactKey: Guid(da1dac5908b01aa4db010f6272c089b4) Importer(815301076,1909f56bfc062723c751e8b465ee728b)
Start importing Assets/Resources/Palette/Map_Layer_1_11.asset using Guid(da1dac5908b01aa4db010f6272c089b4) Importer(815301076,1909f56bfc062723c751e8b465ee728b)  -> (artifact id: 'a2117960ab857b85aa186586ee3aa3b2') in 0.004823 seconds
Number of updated asset objects reloaded before import = 0
Number of asset objects unloaded after import = 3
========================================================================
Received Import Request.
  Time since last request: 0.000033 seconds.
  path: Assets/Resources/Palette/Map_Layer_1_62.asset
  artifactKey: Guid(4bc8b1aac9faca444b3f068c0d632d71) Importer(815301076,1909f56bfc062723c751e8b465ee728b)
Start importing Assets/Resources/Palette/Map_Layer_1_62.asset using Guid(4bc8b1aac9faca444b3f068c0d632d71) Importer(815301076,1909f56bfc062723c751e8b465ee728b)  -> (artifact id: '8a8cfcf25ec707b8d21d453abce58bf3') in 0.002430 seconds
Number of updated asset objects reloaded before import = 0
Number of asset objects unloaded after import = 1
========================================================================
Received Import Request.
  Time since last request: 0.000018 seconds.
  path: Assets/Resources/Palette/Map_Layer_1_78.asset
  artifactKey: Guid(d6c7426fc24184c47ae86649e72129be) Importer(815301076,1909f56bfc062723c751e8b465ee728b)
Start importing Assets/Resources/Palette/Map_Layer_1_78.asset using Guid(d6c7426fc24184c47ae86649e72129be) Importer(815301076,1909f56bfc062723c751e8b465ee728b)  -> (artifact id: '240785b02ec52e49cddf0859bfbe20fe') in 0.002414 seconds
Number of updated asset objects reloaded before import = 0
Number of asset objects unloaded after import = 1
========================================================================
Received Import Request.
  Time since last request: 0.000019 seconds.
  path: Assets/Resources/Palette/Map_Layer_1_73.asset
  artifactKey: Guid(0554b5eb881a0e34d888578ae7f5b5ec) Importer(815301076,1909f56bfc062723c751e8b465ee728b)
Start importing Assets/Resources/Palette/Map_Layer_1_73.asset using Guid(0554b5eb881a0e34d888578ae7f5b5ec) Importer(815301076,1909f56bfc062723c751e8b465ee728b)  -> (artifact id: '4dd965de31146b9895f01a72a4305dcf') in 0.002943 seconds
Number of updated asset objects reloaded before import = 0
Number of asset objects unloaded after import = 1
========================================================================
Received Import Request.
  Time since last request: 0.000021 seconds.
  path: Assets/Resources/Palette/Map_Layer_1_97.asset
  artifactKey: Guid(314efc8f4f1100f4898bcad8f9e573cf) Importer(815301076,1909f56bfc062723c751e8b465ee728b)
Start importing Assets/Resources/Palette/Map_Layer_1_97.asset using Guid(314efc8f4f1100f4898bcad8f9e573cf) Importer(815301076,1909f56bfc062723c751e8b465ee728b)  -> (artifact id: '2f0d15b8eaec35ae3bfa73f27138c167') in 0.002518 seconds
Number of updated asset objects reloaded before import = 0
Number of asset objects unloaded after import = 1
Editor requested this worker to shutdown with reason: Scaling down because of idle timeout
TcpMessagingSession - receive error: operation aborted. errorcode: 995, details: 由于线程退出或应用程序请求，已中止 I/O 操作。
AssetImportWorker is now disconnected from the server
Process exiting
Exiting without the bug reporter. Application will terminate with return code 0